<?xml version="1.0" encoding="UTF-8"?>
<testng-results skipped="0" failed="0" total="1" passed="1">
  <reporter-output>
  </reporter-output>
  <suite name="Decbatch" duration-ms="48721" started-at="2017-03-12T19:37:21Z" finished-at="2017-03-12T19:38:10Z">
    <groups>
      <group name="smoke">
        <method signature="Scenario_Search.testInvalidSearch(java.util.Map)[pri:0, instance:Scenario_Component.Scenario_Search@6895a785]" name="testInvalidSearch" class="Scenario_Component.Scenario_Search"/>
      </group> <!-- smoke -->
    </groups>
    <test name="RegSet1" duration-ms="48721" started-at="2017-03-12T19:37:21Z" finished-at="2017-03-12T19:38:10Z">
      <class name="Scenario_Component.Scenario_Search">
        <test-method status="PASS" signature="testInvalidSearch(java.util.Map)[pri:0, instance:Scenario_Component.Scenario_Search@6895a785]" name="testInvalidSearch" duration-ms="48506" started-at="2017-03-13T01:07:21Z" data-provider="dp_InvalidSearch" finished-at="2017-03-13T01:08:10Z">
          <params>
            <param index="0">
              <value>
                <![CDATA[{Order=1.0, =, Execute_Flag=Y, TC_ID=GB_01, Script_name=InvalidSearch, Search_item=####$, Exp_Result=Sorry! There are no products to display.}]]>
              </value>
            </param>
          </params>
          <reporter-output>
          </reporter-output>
        </test-method> <!-- testInvalidSearch -->
      </class> <!-- Scenario_Component.Scenario_Search -->
    </test> <!-- RegSet1 -->
  </suite> <!-- Decbatch -->
</testng-results>
