<?xml version="1.0" encoding="UTF-8"?>
<!-- Generated by org.testng.reporters.JUnitXMLReporter -->
<testsuite hostname="vaishu_games" ignored="1" name="RegSet1" tests="1" failures="0" timestamp="12 Mar 2017 19:34:29 GMT" time="45.299" errors="0">
  <testcase name="testInvalidSearch" time="44.878" classname="Scenario_Component.Scenario_Search"/>
  <testcase name="testValidSearch" time="0.0" classname="Scenario_Component.Scenario_Search">
    <ignored/>
  </testcase> <!-- testValidSearch -->
</testsuite> <!-- RegSet1 -->
